
> golf-splooch@0.1.0 build
> next build

▲ Next.js 16.2.4 (Turbopack)

  Creating an optimized production build ...
✓ Compiled successfully in 13.1s
  Running TypeScript ...
  Finished TypeScript in 5.7s ...
  Collecting page data using 1 worker ...
Error: Neither apiKey nor config.authenticator provided
    at tg._setAuthenticator (.next/server/chunks/[root-of-the-server]__0crywj6._.js:2:184496)
    at new tg (.next/server/chunks/[root-of-the-server]__0crywj6._.js:2:181831)
    at module evaluation (.next/server/chunks/[root-of-the-server]__0crywj6._.js:2:190520)
    at instantiateModule (.next/server/chunks/[turbopack]_runtime.js:853:9)
    at getOrInstantiateModuleFromParent (.next/server/chunks/[turbopack]_runtime.js:877:12)
    at Context.esmImport [as i] (.next/server/chunks/[turbopack]_runtime.js:281:20)
    at module evaluation (.next/server/chunks/[root-of-the-server]__0fuimkt._.js:1:1331)
    at instantiateModule (.next/server/chunks/[turbopack]_runtime.js:853:9)
    at instantiateRuntimeModule (.next/server/chunks/[turbopack]_runtime.js:882:12)
    at getOrInstantiateRuntimeModule (.next/server/chunks/[turbopack]_runtime.js:895:12)

> Build error occurred
Error: Failed to collect page data for /api/checkout
    at ignore-listed frames {
  type: 'Error'
}
